
Showing logs for build [32mcb-kubecd-environment-pr-477-2-d8znx-1[0m stage [32mfrom-build-pack[0m and container [32mstep-credential-initializer-wprwn[0m
{"level":"warn","ts":1585690374.1610003,"logger":"fallback-logger","caller":"logging/config.go:69","msg":"Fetch GitHub commit ID from kodata failed: \"ref: refs/heads/0.8.0-**-support-backwards-incompats\" is not a valid GitHub commit ID"}
{"level":"info","ts":1585690374.1627188,"logger":"fallback-logger","caller":"creds-init/main.go:40","msg":"Credentials initialized."}

Showing logs for build [32mcb-kubecd-environment-pr-477-2-d8znx-1[0m stage [32mfrom-build-pack[0m and container [32mstep-working-dir-initializer-tpw2x[0m
{"level":"warn","ts":1585690375.123444,"logger":"fallback-logger","caller":"logging/config.go:69","msg":"Fetch GitHub commit ID from kodata failed: open /var/run/ko/HEAD: no such file or directory"}
{"level":"info","ts":1585690375.1723208,"logger":"fallback-logger","caller":"bash/main.go:64","msg":"Successfully executed command \"sh -c mkdir -p /workspace/source\"; output "}

Showing logs for build [32mcb-kubecd-environment-pr-477-2-d8znx-1[0m stage [32mfrom-build-pack[0m and container [32mstep-place-tools[0m

Showing logs for build [32mcb-kubecd-environment-pr-477-2-d8znx-1[0m stage [32mfrom-build-pack[0m and container [32mstep-git-source-cb-kubecd-environment-pr-477-2-d8znx-7t2nw[0m
{"level":"warn","ts":1585690379.6491764,"logger":"fallback-logger","caller":"logging/config.go:69","msg":"Fetch GitHub commit ID from kodata failed: \"ref: refs/heads/0.8.0-**-support-backwards-incompats\" is not a valid GitHub commit ID"}
{"level":"info","ts":1585690380.7314255,"logger":"fallback-logger","caller":"git/git.go:103","msg":"Successfully cloned https://github.com/cb-kubecd/environment-pr-477-2-bdd-frontend-staging.git @ master in path /workspace/source"}

Showing logs for build [32mcb-kubecd-environment-pr-477-2-d8znx-1[0m stage [32mfrom-build-pack[0m and container [32mstep-git-merge[0m
Using SHAs from PULL_REFS=master:fe8aa9c0e17c5d54d74bef048611ec0aae9b38a2,1:ed82c7618dab72d9f8be45a3b8e10a691f7f86f5
DEBUG: LC_ALL=C JX_LOG_LEVEL=error git fetch origin --unshallow ed82c7618dab72d9f8be45a3b8e10a691f7f86f5: fe8aa9c0e17c5d54d74bef048611ec0aae9b38a2:
DEBUG: ran git fetch --unshallow origin ed82c7618dab72d9f8be45a3b8e10a691f7f86f5: fe8aa9c0e17c5d54d74bef048611ec0aae9b38a2: in 
DEBUG: LC_ALL=C JX_LOG_LEVEL=error git branch
DEBUG: LC_ALL=C JX_LOG_LEVEL=error git checkout master
DEBUG: ran git checkout master in 
DEBUG: JX_LOG_LEVEL=error LC_ALL=C git reset --hard fe8aa9c0e17c5d54d74bef048611ec0aae9b38a2
DEBUG: ran git reset --hard fe8aa9c0e17c5d54d74bef048611ec0aae9b38a2 in 
DEBUG: LC_ALL=C JX_LOG_LEVEL=error git clean -fd .
DEBUG: ran clean --force -d . in 
DEBUG: LC_ALL=C JX_LOG_LEVEL=error git merge ed82c7618dab72d9f8be45a3b8e10a691f7f86f5
DEBUG: ran git merge ed82c7618dab72d9f8be45a3b8e10a691f7f86f5 in 
DEBUG: JX_LOG_LEVEL=error LC_ALL=C git log --format=%H%x1f%an%x1f%ae%x1f%cn%x1f%ce%x1f%s%n%b%x1e fe8aa9c0e17c5d54d74bef048611ec0aae9b38a2..HEAD
Merged SHA ed82c7618dab72d9f8be45a3b8e10a691f7f86f5 with commit message 'chore: Promote bdd-nh-1585689301 to version 0.0.1' into base branch master

Showing logs for build [32mcb-kubecd-environment-pr-477-2-d8znx-1[0m stage [32mfrom-build-pack[0m and container [32mstep-build-helm-build[0m
WARNING: No $CHART_REPOSITORY defined so using the default value of: http://jenkins-x-chartmuseum:8080
Adding missing Helm repo: storage.googleapis.com https://storage.googleapis.com/chartmuseum.jenkins-x.io
WARNING: No secrets found on "helm/repos" due: reading the secret "helm/repos" from vault: no secret "helm/repos" not found in vault
Read credentials for https://storage.googleapis.com/chartmuseum.jenkins-x.io from vault helm/repos
Successfully added Helm repository storage.googleapis.com.
Adding missing Helm repo: jenkins-x-chartmuseum http://jenkins-x-chartmuseum:8080
WARNING: No secrets found on "helm/repos" due: reading the secret "helm/repos" from vault: no secret "helm/repos" not found in vault
Read credentials for http://jenkins-x-chartmuseum:8080 from vault helm/repos
Successfully added Helm repository jenkins-x-chartmuseum.
WARNING: No $CHART_REPOSITORY defined so using the default value of: http://jenkins-x-chartmuseum:8080
Adding missing Helm repo: chartmuseum.jenkins-x.io http://chartmuseum.jenkins-x.io
WARNING: No secrets found on "helm/repos" due: reading the secret "helm/repos" from vault: no secret "helm/repos" not found in vault
Read credentials for http://chartmuseum.jenkins-x.io from vault helm/repos
Successfully added Helm repository chartmuseum.jenkins-x.io.
